# JRE version: OpenJDK Runtime Environment Temurin-21.0.3+9 (21.0.3+9) (build 21.0.3+9-LTS)
# Java VM: OpenJDK 64-Bit Server VM Temurin-21.0.3+9 (21.0.3+9-LTS, mixed mode, emulated-client, sharing, tiered, compressed oops, compressed class ptrs, g1 gc, windows-amd64)
GC Precious Log:
 CardTable entry size: 512
 Card Set container configuration: InlinePtr #cards 4 size 8 Array Of Cards #cards 16 size 48 Howl #buckets 8 coarsen threshold 3686 Howl Bitmap #cards 512 size 80 coarsen threshold 460 Card regions per heap region 1 cards per card region 4096
 CPUs: 16 total, 16 available
 Memory: 16028M
 Large Page Support: Disabled
 NUMA Support: Disabled
 Compressed Oops: Enabled (Zero based)
 Heap Region Size: 2M
 Heap Min Capacity: 8M
 Heap Initial Capacity: 252M
 Heap Max Capacity: 4008M
 Pre-touch: Disabled
 Parallel Workers: 13
 Concurrent Workers: 3
 Concurrent Refinement Workers: 13
 Periodic GC: Disabled
Heap:
 garbage-first heap   total 55296K, used 35262K [0x0000000705800000, 0x0000000800000000)
  region size 2048K, 11 young (22528K), 0 survivors (0K)
 Metaspace       used 36171K, committed 37056K, reserved 1114112K
  class space    used 4760K, committed 5120K, reserved 1048576K
GC Heap History (20 events):
Event: 1.903 GC heap before
{Heap before GC invocations=8 (full 0):
 garbage-first heap   total 149504K, used 35816K [0x0000000705800000, 0x0000000800000000)
  region size 2048K, 17 young (34816K), 2 survivors (4096K)
 Metaspace       used 21162K, committed 21504K, reserved 1114112K
  class space    used 2697K, committed 2880K, reserved 1048576K
}
Event: 1.906 GC heap after
{Heap after GC invocations=9 (full 0):
 garbage-first heap   total 149504K, used 10524K [0x0000000705800000, 0x0000000800000000)
  region size 2048K, 2 young (4096K), 2 survivors (4096K)
 Metaspace       used 21162K, committed 21504K, reserved 1114112K
  class space    used 2697K, committed 2880K, reserved 1048576K
}
Event: 2.272 GC heap before
{Heap before GC invocations=10 (full 0):
 garbage-first heap   total 49152K, used 47388K [0x0000000705800000, 0x0000000800000000)
  region size 2048K, 20 young (40960K), 2 survivors (4096K)
 Metaspace       used 22971K, committed 23360K, reserved 1114112K
  class space    used 2969K, committed 3136K, reserved 1048576K
}
Event: 2.275 GC heap after
{Heap after GC invocations=11 (full 0):
 garbage-first heap   total 55296K, used 11832K [0x0000000705800000, 0x0000000800000000)
  region size 2048K, 3 young (6144K), 3 survivors (6144K)
 Metaspace       used 22971K, committed 23360K, reserved 1114112K
  class space    used 2969K, committed 3136K, reserved 1048576K
}
Event: 2.484 GC heap before
{Heap before GC invocations=11 (full 0):
 garbage-first heap   total 55296K, used 38456K [0x0000000705800000, 0x0000000800000000)
  region size 2048K, 16 young (32768K), 3 survivors (6144K)
 Metaspace       used 25436K, committed 25920K, reserved 1114112K
  class space    used 3317K, committed 3520K, reserved 1048576K
}
Event: 2.487 GC heap after
{Heap after GC invocations=12 (full 0):
 garbage-first heap   total 55296K, used 12929K [0x0000000705800000, 0x0000000800000000)
  region size 2048K, 2 young (4096K), 2 survivors (4096K)
 Metaspace       used 25436K, committed 25920K, reserved 1114112K
  class space    used 3317K, committed 3520K, reserved 1048576K
}
Event: 2.717 GC heap before
{Heap before GC invocations=12 (full 0):
 garbage-first heap   total 55296K, used 41601K [0x0000000705800000, 0x0000000800000000)
  region size 2048K, 16 young (32768K), 2 survivors (4096K)
 Metaspace       used 27958K, committed 28544K, reserved 1114112K
  class space    used 3642K, committed 3904K, reserved 1048576K
}
Event: 2.722 GC heap after
{Heap after GC invocations=13 (full 0):
 garbage-first heap   total 55296K, used 14336K [0x0000000705800000, 0x0000000800000000)
  region size 2048K, 2 young (4096K), 2 survivors (4096K)
 Metaspace       used 27958K, committed 28544K, reserved 1114112K
  class space    used 3642K, committed 3904K, reserved 1048576K
}
Event: 2.975 GC heap before
{Heap before GC invocations=13 (full 0):
 garbage-first heap   total 55296K, used 43008K [0x0000000705800000, 0x0000000800000000)
  region size 2048K, 16 young (32768K), 2 survivors (4096K)
 Metaspace       used 30336K, committed 30912K, reserved 1114112K
  class space    used 3982K, committed 4224K, reserved 1048576K
}
Event: 2.979 GC heap after
{Heap after GC invocations=14 (full 0):
 garbage-first heap   total 157696K, used 16087K [0x0000000705800000, 0x0000000800000000)
  region size 2048K, 2 young (4096K), 2 survivors (4096K)
 Metaspace       used 30336K, committed 30912K, reserved 1114112K
  class space    used 3982K, committed 4224K, reserved 1048576K
}
Event: 11.619 GC heap before
{Heap before GC invocations=14 (full 0):
 garbage-first heap   total 157696K, used 71383K [0x0000000705800000, 0x0000000800000000)
  region size 2048K, 30 young (61440K), 2 survivors (4096K)
 Metaspace       used 35426K, committed 35968K, reserved 1114112K
  class space    used 4680K, committed 4928K, reserved 1048576K
}
Event: 11.624 GC heap after
{Heap after GC invocations=15 (full 0):
 garbage-first heap   total 157696K, used 19256K [0x0000000705800000, 0x0000000800000000)
  region size 2048K, 4 young (8192K), 4 survivors (8192K)
 Metaspace       used 35426K, committed 35968K, reserved 1114112K
  class space    used 4680K, committed 4928K, reserved 1048576K
}
Event: 805.377 GC heap before
{Heap before GC invocations=16 (full 0):
 garbage-first heap   total 81920K, used 39736K [0x0000000705800000, 0x0000000800000000)
  region size 2048K, 15 young (30720K), 4 survivors (8192K)
 Metaspace       used 36344K, committed 36992K, reserved 1114112K
  class space    used 4814K, committed 5056K, reserved 1048576K
}
Event: 805.395 GC heap after
{Heap after GC invocations=17 (full 1):
 garbage-first heap   total 69632K, used 16922K [0x0000000705800000, 0x0000000800000000)
  region size 2048K, 0 young (0K), 0 survivors (0K)
 Metaspace       used 36344K, committed 36992K, reserved 1114112K
  class space    used 4814K, committed 5056K, reserved 1048576K
}
Event: 1056.039 GC heap before
{Heap before GC invocations=17 (full 1):
 garbage-first heap   total 69632K, used 51738K [0x0000000705800000, 0x0000000800000000)
  region size 2048K, 18 young (36864K), 0 survivors (0K)
 Metaspace       used 36432K, committed 37056K, reserved 1114112K
  class space    used 4835K, committed 5120K, reserved 1048576K
}
Event: 1056.074 GC heap after
{Heap after GC invocations=18 (full 2):
 garbage-first heap   total 55296K, used 14767K [0x0000000705800000, 0x0000000800000000)
  region size 2048K, 0 young (0K), 0 survivors (0K)
 Metaspace       used 36146K, committed 37056K, reserved 1114112K
  class space    used 4757K, committed 5120K, reserved 1048576K
}
Event: 1143.518 GC heap before
{Heap before GC invocations=18 (full 2):
 garbage-first heap   total 55296K, used 45487K [0x0000000705800000, 0x0000000800000000)
  region size 2048K, 16 young (32768K), 0 survivors (0K)
 Metaspace       used 36172K, committed 37056K, reserved 1114112K
  class space    used 4761K, committed 5120K, reserved 1048576K
}
Event: 1143.545 GC heap after
{Heap after GC invocations=19 (full 3):
 garbage-first heap   total 55296K, used 14757K [0x0000000705800000, 0x0000000800000000)
  region size 2048K, 0 young (0K), 0 survivors (0K)
 Metaspace       used 36120K, committed 37056K, reserved 1114112K
  class space    used 4751K, committed 5120K, reserved 1048576K
}
Event: 1191.896 GC heap before
{Heap before GC invocations=19 (full 3):
 garbage-first heap   total 55296K, used 43429K [0x0000000705800000, 0x0000000800000000)
  region size 2048K, 15 young (30720K), 0 survivors (0K)
 Metaspace       used 36155K, committed 37056K, reserved 1114112K
  class space    used 4757K, committed 5120K, reserved 1048576K
}
Event: 1191.922 GC heap after
{Heap after GC invocations=20 (full 4):
 garbage-first heap   total 55296K, used 14782K [0x0000000705800000, 0x0000000800000000)
  region size 2048K, 0 young (0K), 0 survivors (0K)
 Metaspace       used 36152K, committed 37056K, reserved 1114112K
  class space    used 4756K, committed 5120K, reserved 1048576K
}

