# JRE version: OpenJDK Runtime Environment Temurin-21.0.3+9 (21.0.3+9) (build 21.0.3+9-LTS)
# Java VM: OpenJDK 64-Bit Server VM Temurin-21.0.3+9 (21.0.3+9-LTS, mixed mode, emulated-client, sharing, tiered, compressed oops, compressed class ptrs, g1 gc, windows-amd64)
GC Precious Log:
 CardTable entry size: 512
 Card Set container configuration: InlinePtr #cards 4 size 8 Array Of Cards #cards 16 size 48 Howl #buckets 8 coarsen threshold 3686 Howl Bitmap #cards 512 size 80 coarsen threshold 460 Card regions per heap region 1 cards per card region 4096
 CPUs: 16 total, 16 available
 Memory: 16028M
 Large Page Support: Disabled
 NUMA Support: Disabled
 Compressed Oops: Enabled (Zero based)
 Heap Region Size: 2M
 Heap Min Capacity: 8M
 Heap Initial Capacity: 252M
 Heap Max Capacity: 4008M
 Pre-touch: Disabled
 Parallel Workers: 13
 Concurrent Workers: 3
 Concurrent Refinement Workers: 13
 Periodic GC: Disabled
Heap:
 garbage-first heap   total 102400K, used 85133K [0x0000000705800000, 0x0000000800000000)
  region size 2048K, 26 young (53248K), 1 survivors (2048K)
 Metaspace       used 81548K, committed 82368K, reserved 1179648K
  class space    used 11257K, committed 11648K, reserved 1048576K
GC Heap History (20 events):
Event: 1822.764 GC heap after
{Heap after GC invocations=33 (full 4):
 garbage-first heap   total 102400K, used 28754K [0x0000000705800000, 0x0000000800000000)
  region size 2048K, 0 young (0K), 0 survivors (0K)
 Metaspace       used 79843K, committed 80640K, reserved 1179648K
  class space    used 11054K, committed 11392K, reserved 1048576K
}
Event: 1823.173 GC heap before
{Heap before GC invocations=33 (full 4):
 garbage-first heap   total 102400K, used 88146K [0x0000000705800000, 0x0000000800000000)
  region size 2048K, 29 young (59392K), 0 survivors (0K)
 Metaspace       used 80113K, committed 80832K, reserved 1179648K
  class space    used 11076K, committed 11456K, reserved 1048576K
}
Event: 1823.176 GC heap after
{Heap after GC invocations=34 (full 4):
 garbage-first heap   total 102400K, used 33568K [0x0000000705800000, 0x0000000800000000)
  region size 2048K, 3 young (6144K), 3 survivors (6144K)
 Metaspace       used 80113K, committed 80832K, reserved 1179648K
  class space    used 11076K, committed 11456K, reserved 1048576K
}
Event: 1843.111 GC heap before
{Heap before GC invocations=34 (full 4):
 garbage-first heap   total 102400K, used 45856K [0x0000000705800000, 0x0000000800000000)
  region size 2048K, 10 young (20480K), 3 survivors (6144K)
 Metaspace       used 80118K, committed 80832K, reserved 1179648K
  class space    used 11077K, committed 11456K, reserved 1048576K
}
Event: 1843.147 GC heap after
{Heap after GC invocations=35 (full 5):
 garbage-first heap   total 102400K, used 28725K [0x0000000705800000, 0x0000000800000000)
  region size 2048K, 0 young (0K), 0 survivors (0K)
 Metaspace       used 80101K, committed 80832K, reserved 1179648K
  class space    used 11074K, committed 11456K, reserved 1048576K
}
Event: 1843.530 GC heap before
{Heap before GC invocations=35 (full 5):
 garbage-first heap   total 102400K, used 81973K [0x0000000705800000, 0x0000000800000000)
  region size 2048K, 27 young (55296K), 0 survivors (0K)
 Metaspace       used 80459K, committed 81152K, reserved 1179648K
  class space    used 11137K, committed 11456K, reserved 1048576K
}
Event: 1843.533 GC heap after
{Heap after GC invocations=36 (full 5):
 garbage-first heap   total 102400K, used 32535K [0x0000000705800000, 0x0000000800000000)
  region size 2048K, 2 young (4096K), 2 survivors (4096K)
 Metaspace       used 80459K, committed 81152K, reserved 1179648K
  class space    used 11137K, committed 11456K, reserved 1048576K
}
Event: 1991.572 GC heap before
{Heap before GC invocations=36 (full 5):
 garbage-first heap   total 102400K, used 83735K [0x0000000705800000, 0x0000000800000000)
  region size 2048K, 28 young (57344K), 2 survivors (4096K)
 Metaspace       used 80692K, committed 81408K, reserved 1179648K
  class space    used 11174K, committed 11520K, reserved 1048576K
}
Event: 1991.577 GC heap after
{Heap after GC invocations=37 (full 5):
 garbage-first heap   total 102400K, used 35970K [0x0000000705800000, 0x0000000800000000)
  region size 2048K, 4 young (8192K), 4 survivors (8192K)
 Metaspace       used 80692K, committed 81408K, reserved 1179648K
  class space    used 11174K, committed 11520K, reserved 1048576K
}
Event: 2449.496 GC heap before
{Heap before GC invocations=37 (full 5):
 garbage-first heap   total 102400K, used 81026K [0x0000000705800000, 0x0000000800000000)
  region size 2048K, 26 young (53248K), 4 survivors (8192K)
 Metaspace       used 80807K, committed 81536K, reserved 1179648K
  class space    used 11181K, committed 11520K, reserved 1048576K
}
Event: 2449.505 GC heap after
{Heap after GC invocations=38 (full 5):
 garbage-first heap   total 102400K, used 36467K [0x0000000705800000, 0x0000000800000000)
  region size 2048K, 3 young (6144K), 3 survivors (6144K)
 Metaspace       used 80807K, committed 81536K, reserved 1179648K
  class space    used 11181K, committed 11520K, reserved 1048576K
}
Event: 2713.217 GC heap before
{Heap before GC invocations=38 (full 5):
 garbage-first heap   total 102400K, used 50803K [0x0000000705800000, 0x0000000800000000)
  region size 2048K, 11 young (22528K), 3 survivors (6144K)
 Metaspace       used 80810K, committed 81536K, reserved 1179648K
  class space    used 11182K, committed 11520K, reserved 1048576K
}
Event: 2713.254 GC heap after
{Heap after GC invocations=39 (full 6):
 garbage-first heap   total 102400K, used 25985K [0x0000000705800000, 0x0000000800000000)
  region size 2048K, 0 young (0K), 0 survivors (0K)
 Metaspace       used 80730K, committed 81536K, reserved 1179648K
  class space    used 11162K, committed 11520K, reserved 1048576K
}
Event: 2713.824 GC heap before
{Heap before GC invocations=39 (full 6):
 garbage-first heap   total 102400K, used 83329K [0x0000000705800000, 0x0000000800000000)
  region size 2048K, 29 young (59392K), 0 survivors (0K)
 Metaspace       used 81160K, committed 81984K, reserved 1179648K
  class space    used 11227K, committed 11584K, reserved 1048576K
}
Event: 2713.829 GC heap after
{Heap after GC invocations=40 (full 6):
 garbage-first heap   total 102400K, used 32565K [0x0000000705800000, 0x0000000800000000)
  region size 2048K, 4 young (8192K), 4 survivors (8192K)
 Metaspace       used 81160K, committed 81984K, reserved 1179648K
  class space    used 11227K, committed 11584K, reserved 1048576K
}
Event: 3108.065 GC heap before
{Heap before GC invocations=40 (full 6):
 garbage-first heap   total 102400K, used 67381K [0x0000000705800000, 0x0000000800000000)
  region size 2048K, 23 young (47104K), 4 survivors (8192K)
 Metaspace       used 81193K, committed 81984K, reserved 1179648K
  class space    used 11235K, committed 11584K, reserved 1048576K
}
Event: 3108.102 GC heap after
{Heap after GC invocations=41 (full 7):
 garbage-first heap   total 102400K, used 29091K [0x0000000705800000, 0x0000000800000000)
  region size 2048K, 0 young (0K), 0 survivors (0K)
 Metaspace       used 81129K, committed 81984K, reserved 1179648K
  class space    used 11220K, committed 11584K, reserved 1048576K
}
Event: 52059.522 GC heap before
{Heap before GC invocations=41 (full 7):
 garbage-first heap   total 102400K, used 84387K [0x0000000705800000, 0x0000000800000000)
  region size 2048K, 28 young (57344K), 0 survivors (0K)
 Metaspace       used 81389K, committed 82240K, reserved 1179648K
  class space    used 11241K, committed 11648K, reserved 1048576K
}
Event: 52059.527 GC heap after
{Heap after GC invocations=42 (full 7):
 garbage-first heap   total 102400K, used 33933K [0x0000000705800000, 0x0000000800000000)
  region size 2048K, 3 young (6144K), 3 survivors (6144K)
 Metaspace       used 81389K, committed 82240K, reserved 1179648K
  class space    used 11241K, committed 11648K, reserved 1048576K
}
Event: 53827.126 GC heap before
{Heap before GC invocations=42 (full 7):
 garbage-first heap   total 102400K, used 85133K [0x0000000705800000, 0x0000000800000000)
  region size 2048K, 28 young (57344K), 3 survivors (6144K)
 Metaspace       used 81548K, committed 82368K, reserved 1179648K
  class space    used 11257K, committed 11648K, reserved 1048576K
}

