# JRE version: OpenJDK Runtime Environment Temurin-21.0.3+9 (21.0.3+9) (build 21.0.3+9-LTS)
# Java VM: OpenJDK 64-Bit Server VM Temurin-21.0.3+9 (21.0.3+9-LTS, mixed mode, emulated-client, sharing, tiered, compressed oops, compressed class ptrs, g1 gc, windows-amd64)
GC Precious Log:
 CardTable entry size: 512
 Card Set container configuration: InlinePtr #cards 4 size 8 Array Of Cards #cards 16 size 48 Howl #buckets 8 coarsen threshold 3686 Howl Bitmap #cards 512 size 80 coarsen threshold 460 Card regions per heap region 1 cards per card region 4096
 CPUs: 16 total, 16 available
 Memory: 16028M
 Large Page Support: Disabled
 NUMA Support: Disabled
 Compressed Oops: Enabled (Zero based)
 Heap Region Size: 2M
 Heap Min Capacity: 8M
 Heap Initial Capacity: 252M
 Heap Max Capacity: 4008M
 Pre-touch: Disabled
 Parallel Workers: 13
 Concurrent Workers: 3
 Concurrent Refinement Workers: 13
 Periodic GC: Disabled
Heap:
 garbage-first heap   total 90112K, used 29652K [0x0000000705800000, 0x0000000800000000)
  region size 2048K, 6 young (12288K), 2 survivors (4096K)
 Metaspace       used 52227K, committed 52864K, reserved 1114112K
  class space    used 7063K, committed 7360K, reserved 1048576K
GC Heap History (20 events):
Event: 1.220 GC heap before
{Heap before GC invocations=5 (full 0):
 garbage-first heap   total 45056K, used 28748K [0x0000000705800000, 0x0000000800000000)
  region size 2048K, 12 young (24576K), 2 survivors (4096K)
 Metaspace       used 15513K, committed 15936K, reserved 1114112K
  class space    used 1976K, committed 2176K, reserved 1048576K
}
Event: 1.223 GC heap after
{Heap after GC invocations=6 (full 0):
 garbage-first heap   total 45056K, used 10835K [0x0000000705800000, 0x0000000800000000)
  region size 2048K, 2 young (4096K), 2 survivors (4096K)
 Metaspace       used 15513K, committed 15936K, reserved 1114112K
  class space    used 1976K, committed 2176K, reserved 1048576K
}
Event: 1.290 GC heap before
{Heap before GC invocations=6 (full 0):
 garbage-first heap   total 45056K, used 31315K [0x0000000705800000, 0x0000000800000000)
  region size 2048K, 12 young (24576K), 2 survivors (4096K)
 Metaspace       used 17358K, committed 17792K, reserved 1114112K
  class space    used 2179K, committed 2368K, reserved 1048576K
}
Event: 1.292 GC heap after
{Heap after GC invocations=7 (full 0):
 garbage-first heap   total 151552K, used 11553K [0x0000000705800000, 0x0000000800000000)
  region size 2048K, 2 young (4096K), 2 survivors (4096K)
 Metaspace       used 17358K, committed 17792K, reserved 1114112K
  class space    used 2179K, committed 2368K, reserved 1048576K
}
Event: 1.411 GC heap before
{Heap before GC invocations=7 (full 0):
 garbage-first heap   total 151552K, used 52513K [0x0000000705800000, 0x0000000800000000)
  region size 2048K, 24 young (49152K), 2 survivors (4096K)
 Metaspace       used 21147K, committed 21504K, reserved 1114112K
  class space    used 2704K, committed 2880K, reserved 1048576K
}
Event: 1.414 GC heap after
{Heap after GC invocations=8 (full 0):
 garbage-first heap   total 151552K, used 12627K [0x0000000705800000, 0x0000000800000000)
  region size 2048K, 2 young (4096K), 2 survivors (4096K)
 Metaspace       used 21147K, committed 21504K, reserved 1114112K
  class space    used 2704K, committed 2880K, reserved 1048576K
}
Event: 1.715 GC heap before
{Heap before GC invocations=9 (full 0):
 garbage-first heap   total 55296K, used 53587K [0x0000000705800000, 0x0000000800000000)
  region size 2048K, 22 young (45056K), 2 survivors (4096K)
 Metaspace       used 23533K, committed 23936K, reserved 1114112K
  class space    used 3021K, committed 3200K, reserved 1048576K
}
Event: 1.720 GC heap after
{Heap after GC invocations=10 (full 0):
 garbage-first heap   total 61440K, used 14524K [0x0000000705800000, 0x0000000800000000)
  region size 2048K, 3 young (6144K), 3 survivors (6144K)
 Metaspace       used 23533K, committed 23936K, reserved 1114112K
  class space    used 3021K, committed 3200K, reserved 1048576K
}
Event: 1.927 GC heap before
{Heap before GC invocations=10 (full 0):
 garbage-first heap   total 61440K, used 45244K [0x0000000705800000, 0x0000000800000000)
  region size 2048K, 18 young (36864K), 3 survivors (6144K)
 Metaspace       used 25449K, committed 25856K, reserved 1114112K
  class space    used 3304K, committed 3520K, reserved 1048576K
}
Event: 1.931 GC heap after
{Heap after GC invocations=11 (full 0):
 garbage-first heap   total 61440K, used 15542K [0x0000000705800000, 0x0000000800000000)
  region size 2048K, 3 young (6144K), 3 survivors (6144K)
 Metaspace       used 25449K, committed 25856K, reserved 1114112K
  class space    used 3304K, committed 3520K, reserved 1048576K
}
Event: 2.162 GC heap before
{Heap before GC invocations=11 (full 0):
 garbage-first heap   total 61440K, used 46262K [0x0000000705800000, 0x0000000800000000)
  region size 2048K, 18 young (36864K), 3 survivors (6144K)
 Metaspace       used 28164K, committed 28672K, reserved 1114112K
  class space    used 3702K, committed 3904K, reserved 1048576K
}
Event: 2.166 GC heap after
{Heap after GC invocations=12 (full 0):
 garbage-first heap   total 159744K, used 17149K [0x0000000705800000, 0x0000000800000000)
  region size 2048K, 2 young (4096K), 2 survivors (4096K)
 Metaspace       used 28164K, committed 28672K, reserved 1114112K
  class space    used 3702K, committed 3904K, reserved 1048576K
}
Event: 2.831 GC heap before
{Heap before GC invocations=12 (full 0):
 garbage-first heap   total 159744K, used 86781K [0x0000000705800000, 0x0000000800000000)
  region size 2048K, 38 young (77824K), 2 survivors (4096K)
 Metaspace       used 35566K, committed 36096K, reserved 1114112K
  class space    used 4618K, committed 4864K, reserved 1048576K
}
Event: 2.837 GC heap after
{Heap after GC invocations=13 (full 0):
 garbage-first heap   total 159744K, used 20558K [0x0000000705800000, 0x0000000800000000)
  region size 2048K, 4 young (8192K), 4 survivors (8192K)
 Metaspace       used 35566K, committed 36096K, reserved 1114112K
  class space    used 4618K, committed 4864K, reserved 1048576K
}
Event: 3.246 GC heap before
{Heap before GC invocations=14 (full 0):
 garbage-first heap   total 81920K, used 79950K [0x0000000705800000, 0x0000000800000000)
  region size 2048K, 33 young (67584K), 4 survivors (8192K)
 Metaspace       used 42628K, committed 43200K, reserved 1114112K
  class space    used 5591K, committed 5824K, reserved 1048576K
}
Event: 3.251 GC heap after
{Heap after GC invocations=15 (full 0):
 garbage-first heap   total 90112K, used 21993K [0x0000000705800000, 0x0000000800000000)
  region size 2048K, 4 young (8192K), 4 survivors (8192K)
 Metaspace       used 42628K, committed 43200K, reserved 1114112K
  class space    used 5591K, committed 5824K, reserved 1048576K
}
Event: 3.492 GC heap before
{Heap before GC invocations=15 (full 0):
 garbage-first heap   total 90112K, used 67049K [0x0000000705800000, 0x0000000800000000)
  region size 2048K, 26 young (53248K), 4 survivors (8192K)
 Metaspace       used 46344K, committed 46912K, reserved 1114112K
  class space    used 6214K, committed 6464K, reserved 1048576K
}
Event: 3.497 GC heap after
{Heap after GC invocations=16 (full 0):
 garbage-first heap   total 90112K, used 22986K [0x0000000705800000, 0x0000000800000000)
  region size 2048K, 2 young (4096K), 2 survivors (4096K)
 Metaspace       used 46344K, committed 46912K, reserved 1114112K
  class space    used 6214K, committed 6464K, reserved 1048576K
}
Event: 3.723 GC heap before
{Heap before GC invocations=16 (full 0):
 garbage-first heap   total 90112K, used 70090K [0x0000000705800000, 0x0000000800000000)
  region size 2048K, 26 young (53248K), 2 survivors (4096K)
 Metaspace       used 51731K, committed 52288K, reserved 1114112K
  class space    used 6992K, committed 7232K, reserved 1048576K
}
Event: 3.727 GC heap after
{Heap after GC invocations=17 (full 0):
 garbage-first heap   total 90112K, used 23508K [0x0000000705800000, 0x0000000800000000)
  region size 2048K, 2 young (4096K), 2 survivors (4096K)
 Metaspace       used 51731K, committed 52288K, reserved 1114112K
  class space    used 6992K, committed 7232K, reserved 1048576K
}

