# JRE version: OpenJDK Runtime Environment Temurin-21.0.3+9 (21.0.3+9) (build 21.0.3+9-LTS)
# Java VM: OpenJDK 64-Bit Server VM Temurin-21.0.3+9 (21.0.3+9-LTS, mixed mode, emulated-client, sharing, tiered, compressed oops, compressed class ptrs, g1 gc, windows-amd64)
GC Precious Log:
 CardTable entry size: 512
 Card Set container configuration: InlinePtr #cards 4 size 8 Array Of Cards #cards 16 size 48 Howl #buckets 8 coarsen threshold 3686 Howl Bitmap #cards 512 size 80 coarsen threshold 460 Card regions per heap region 1 cards per card region 4096
 CPUs: 16 total, 16 available
 Memory: 16028M
 Large Page Support: Disabled
 NUMA Support: Disabled
 Compressed Oops: Enabled (Zero based)
 Heap Region Size: 2M
 Heap Min Capacity: 8M
 Heap Initial Capacity: 252M
 Heap Max Capacity: 4008M
 Pre-touch: Disabled
 Parallel Workers: 13
 Concurrent Workers: 3
 Concurrent Refinement Workers: 13
 Periodic GC: Disabled
Heap:
 garbage-first heap   total 90112K, used 74545K [0x0000000705800000, 0x0000000800000000)
  region size 2048K, 23 young (47104K), 1 survivors (2048K)
 Metaspace       used 62281K, committed 62976K, reserved 1114112K
  class space    used 8396K, committed 8704K, reserved 1048576K
GC Heap History (20 events):
Event: 3695.051 GC heap after
{Heap after GC invocations=21 (full 0):
 garbage-first heap   total 116736K, used 30484K [0x0000000705800000, 0x0000000800000000)
  region size 2048K, 3 young (6144K), 3 survivors (6144K)
 Metaspace       used 61124K, committed 61824K, reserved 1114112K
  class space    used 8245K, committed 8576K, reserved 1048576K
}
Event: 3992.857 GC heap before
{Heap before GC invocations=22 (full 0):
 garbage-first heap   total 116736K, used 38676K [0x0000000705800000, 0x0000000800000000)
  region size 2048K, 9 young (18432K), 3 survivors (6144K)
 Metaspace       used 60960K, committed 61888K, reserved 1114112K
  class space    used 8198K, committed 8576K, reserved 1048576K
}
Event: 3992.889 GC heap after
{Heap after GC invocations=23 (full 1):
 garbage-first heap   total 90112K, used 22556K [0x0000000705800000, 0x0000000800000000)
  region size 2048K, 0 young (0K), 0 survivors (0K)
 Metaspace       used 60859K, committed 61888K, reserved 1114112K
  class space    used 8173K, committed 8576K, reserved 1048576K
}
Event: 3993.441 GC heap before
{Heap before GC invocations=23 (full 1):
 garbage-first heap   total 90112K, used 75804K [0x0000000705800000, 0x0000000800000000)
  region size 2048K, 26 young (53248K), 0 survivors (0K)
 Metaspace       used 61067K, committed 61888K, reserved 1114112K
  class space    used 8222K, committed 8576K, reserved 1048576K
}
Event: 3993.445 GC heap after
{Heap after GC invocations=24 (full 1):
 garbage-first heap   total 90112K, used 28695K [0x0000000705800000, 0x0000000800000000)
  region size 2048K, 3 young (6144K), 3 survivors (6144K)
 Metaspace       used 61067K, committed 61888K, reserved 1114112K
  class space    used 8222K, committed 8576K, reserved 1048576K
}
Event: 4136.718 GC heap before
{Heap before GC invocations=25 (full 1):
 garbage-first heap   total 90112K, used 43031K [0x0000000705800000, 0x0000000800000000)
  region size 2048K, 11 young (22528K), 3 survivors (6144K)
 Metaspace       used 61167K, committed 61952K, reserved 1114112K
  class space    used 8227K, committed 8576K, reserved 1048576K
}
Event: 4136.754 GC heap after
{Heap after GC invocations=26 (full 2):
 garbage-first heap   total 90112K, used 23778K [0x0000000705800000, 0x0000000800000000)
  region size 2048K, 0 young (0K), 0 survivors (0K)
 Metaspace       used 61093K, committed 61952K, reserved 1114112K
  class space    used 8210K, committed 8576K, reserved 1048576K
}
Event: 4204.258 GC heap before
{Heap before GC invocations=26 (full 2):
 garbage-first heap   total 90112K, used 72930K [0x0000000705800000, 0x0000000800000000)
  region size 2048K, 25 young (51200K), 0 survivors (0K)
 Metaspace       used 62145K, committed 62784K, reserved 1114112K
  class space    used 8374K, committed 8640K, reserved 1048576K
}
Event: 4204.265 GC heap after
{Heap after GC invocations=27 (full 2):
 garbage-first heap   total 90112K, used 26973K [0x0000000705800000, 0x0000000800000000)
  region size 2048K, 2 young (4096K), 2 survivors (4096K)
 Metaspace       used 62145K, committed 62784K, reserved 1114112K
  class space    used 8374K, committed 8640K, reserved 1048576K
}
Event: 4266.100 GC heap before
{Heap before GC invocations=27 (full 2):
 garbage-first heap   total 90112K, used 74077K [0x0000000705800000, 0x0000000800000000)
  region size 2048K, 25 young (51200K), 2 survivors (4096K)
 Metaspace       used 62191K, committed 62912K, reserved 1114112K
  class space    used 8385K, committed 8704K, reserved 1048576K
}
Event: 4266.103 GC heap after
{Heap after GC invocations=28 (full 2):
 garbage-first heap   total 90112K, used 27010K [0x0000000705800000, 0x0000000800000000)
  region size 2048K, 2 young (4096K), 2 survivors (4096K)
 Metaspace       used 62191K, committed 62912K, reserved 1114112K
  class space    used 8385K, committed 8704K, reserved 1048576K
}
Event: 4597.904 GC heap before
{Heap before GC invocations=28 (full 2):
 garbage-first heap   total 90112K, used 72066K [0x0000000705800000, 0x0000000800000000)
  region size 2048K, 25 young (51200K), 2 survivors (4096K)
 Metaspace       used 62216K, committed 62912K, reserved 1114112K
  class space    used 8389K, committed 8704K, reserved 1048576K
}
Event: 4597.909 GC heap after
{Heap after GC invocations=29 (full 2):
 garbage-first heap   total 90112K, used 28081K [0x0000000705800000, 0x0000000800000000)
  region size 2048K, 3 young (6144K), 3 survivors (6144K)
 Metaspace       used 62216K, committed 62912K, reserved 1114112K
  class space    used 8389K, committed 8704K, reserved 1048576K
}
Event: 4701.788 GC heap before
{Heap before GC invocations=29 (full 2):
 garbage-first heap   total 90112K, used 69041K [0x0000000705800000, 0x0000000800000000)
  region size 2048K, 24 young (49152K), 3 survivors (6144K)
 Metaspace       used 62256K, committed 62976K, reserved 1114112K
  class space    used 8396K, committed 8704K, reserved 1048576K
}
Event: 4701.793 GC heap after
{Heap after GC invocations=30 (full 2):
 garbage-first heap   total 90112K, used 27997K [0x0000000705800000, 0x0000000800000000)
  region size 2048K, 2 young (4096K), 2 survivors (4096K)
 Metaspace       used 62256K, committed 62976K, reserved 1114112K
  class space    used 8396K, committed 8704K, reserved 1048576K
}
Event: 4916.501 GC heap before
{Heap before GC invocations=30 (full 2):
 garbage-first heap   total 90112K, used 73053K [0x0000000705800000, 0x0000000800000000)
  region size 2048K, 24 young (49152K), 2 survivors (4096K)
 Metaspace       used 62266K, committed 62976K, reserved 1114112K
  class space    used 8397K, committed 8704K, reserved 1048576K
}
Event: 4916.505 GC heap after
{Heap after GC invocations=31 (full 2):
 garbage-first heap   total 90112K, used 28408K [0x0000000705800000, 0x0000000800000000)
  region size 2048K, 2 young (4096K), 2 survivors (4096K)
 Metaspace       used 62266K, committed 62976K, reserved 1114112K
  class space    used 8397K, committed 8704K, reserved 1048576K
}
Event: 5028.976 GC heap before
{Heap before GC invocations=32 (full 2):
 garbage-first heap   total 90112K, used 73464K [0x0000000705800000, 0x0000000800000000)
  region size 2048K, 24 young (49152K), 2 survivors (4096K)
 Metaspace       used 62201K, committed 62976K, reserved 1114112K
  class space    used 8381K, committed 8704K, reserved 1048576K
}
Event: 5028.980 GC heap after
{Heap after GC invocations=33 (full 2):
 garbage-first heap   total 90112K, used 29489K [0x0000000705800000, 0x0000000800000000)
  region size 2048K, 2 young (4096K), 2 survivors (4096K)
 Metaspace       used 62201K, committed 62976K, reserved 1114112K
  class space    used 8381K, committed 8704K, reserved 1048576K
}
Event: 5401.170 GC heap before
{Heap before GC invocations=33 (full 2):
 garbage-first heap   total 90112K, used 72497K [0x0000000705800000, 0x0000000800000000)
  region size 2048K, 24 young (49152K), 2 survivors (4096K)
 Metaspace       used 62281K, committed 62976K, reserved 1114112K
  class space    used 8396K, committed 8704K, reserved 1048576K
}

